Sender: LSF System <lsfadmin@lc06e26>
Subject: Job 226250760: <routes/call_peaks_grouped.sh> in cluster <chimera> Done

Job <routes/call_peaks_grouped.sh> was submitted from host <li04e01> by user <prysta01> in cluster <chimera> at Fri Jan 23 13:25:32 2026
Job was executed on host(s) <24*lc06e26>, in queue <premium>, as user <prysta01> in cluster <chimera> at Fri Jan 23 13:25:37 2026
</hpc/users/prysta01> was used as the home directory.
</sc/arion/projects/naiklab/Alex/Jack-Multiome/2026-01-07-Analysis/scmultiome-pipeline> was used as the working directory.
Started at Fri Jan 23 13:25:37 2026
Terminated at Fri Jan 23 14:14:20 2026
Results reported at Fri Jan 23 14:14:20 2026

Your job looked like:

------------------------------------------------------------
# LSBATCH: User input
routes/call_peaks_grouped.sh
------------------------------------------------------------

Successfully completed.

Resource usage summary:

    CPU time :                                   8155.35 sec.
    Max Memory :                                 58476 MB
    Average Memory :                             10845.67 MB
    Total Requested Memory :                     768000.00 MB
    Delta Memory :                               709524.00 MB
    Max Swap :                                   -
    Max Processes :                              31
    Max Threads :                                33
    Run time :                                   2923 sec.
    Turnaround time :                            2928 sec.

The output (if any) follows:

multicore:
- args: function (..., workers = 24, envir = parent.frame())
- tweaked: TRUE
- call: plan("multicore", workers = as.numeric(future::availableCores()))
FutureBackend to be launched
[1] "logical"
[1] "Done Call Peaks"


PS:

Read file <scripts/outs/callpeaks-grouped-226250760.err> for stderr output of this job.

