Sender: LSF System <lsfadmin@lc07e44>
Subject: Job 226586657: <routes/linkpeaks.sh> in cluster <chimera> Exited

Job <routes/linkpeaks.sh> was submitted from host <li04e03> by user <prysta01> in cluster <chimera> at Thu Jan 29 08:51:55 2026
Job was executed on host(s) <6*lc07e44>, in queue <premium>, as user <prysta01> in cluster <chimera> at Thu Jan 29 08:52:00 2026
</hpc/users/prysta01> was used as the home directory.
</sc/arion/projects/naiklab/Alex/Jack-Multiome/2026-01-07-Analysis/scmultiome-pipeline> was used as the working directory.
Started at Thu Jan 29 08:52:00 2026
Terminated at Thu Jan 29 08:52:18 2026
Results reported at Thu Jan 29 08:52:18 2026

Your job looked like:

------------------------------------------------------------
# LSBATCH: User input
routes/linkpeaks.sh
------------------------------------------------------------

TERM_OWNER: job killed by owner.
Exited with exit code 1.

Resource usage summary:

    CPU time :                                   13.67 sec.
    Max Memory :                                 1112 MB
    Average Memory :                             691.00 MB
    Total Requested Memory :                     72000.00 MB
    Delta Memory :                               70888.00 MB
    Max Swap :                                   -
    Max Processes :                              4
    Max Threads :                                6
    Run time :                                   18 sec.
    Turnaround time :                            23 sec.

The output (if any) follows:

multicore:
- args: function (..., workers = 6, envir = parent.frame())
- tweaked: TRUE
- call: plan("multicore", workers = as.numeric(future::availableCores()))
FutureBackend to be launched
[1] "logical"


PS:

Read file <scripts/outs/linkpeaks-226586657.err> for stderr output of this job.

