Sender: LSF System <lsfadmin@lh06c19>
Subject: Job 226018901: <routes/merged_pipeline.sh> in cluster <chimera> Done

Job <routes/merged_pipeline.sh> was submitted from host <li04e02> by user <prysta01> in cluster <chimera> at Thu Jan 15 10:37:45 2026
Job was executed on host(s) <12*lh06c19>, in queue <premium>, as user <prysta01> in cluster <chimera> at Thu Jan 15 10:37:49 2026
</hpc/users/prysta01> was used as the home directory.
</sc/arion/projects/naiklab/Alex/Jack-Multiome/2026-01-07-Analysis/scmultiome-pipeline> was used as the working directory.
Started at Thu Jan 15 10:37:49 2026
Terminated at Thu Jan 15 11:12:10 2026
Results reported at Thu Jan 15 11:12:10 2026

Your job looked like:

------------------------------------------------------------
# LSBATCH: User input
routes/merged_pipeline.sh
------------------------------------------------------------

Successfully completed.

Resource usage summary:

    CPU time :                                   6484.58 sec.
    Max Memory :                                 50115 MB
    Average Memory :                             26701.01 MB
    Total Requested Memory :                     288000.00 MB
    Delta Memory :                               237885.00 MB
    Max Swap :                                   -
    Max Processes :                              18
    Max Threads :                                20
    Run time :                                   2061 sec.
    Turnaround time :                            2065 sec.

The output (if any) follows:

Running merged pipeline
multicore:
- args: function (..., workers = 12, envir = parent.frame())
- tweaked: TRUE
- call: plan("multicore", workers = as.numeric(future::availableCores()))
FutureBackend to be launched
[1] "logical"


PS:

Read file <scripts/outs/merged-pipeline-226018901.err> for stderr output of this job.

