
The following have been reloaded with a version change:
  1) R/4.4.1 => R/4.2.0


Attaching package: ‘BiocGenerics’

The following objects are masked from ‘package:stats’:

    IQR, mad, sd, var, xtabs

The following objects are masked from ‘package:base’:

    anyDuplicated, aperm, append, as.data.frame, basename, cbind,
    colnames, dirname, do.call, duplicated, eval, evalq, Filter, Find,
    get, grep, grepl, intersect, is.unsorted, lapply, Map, mapply,
    match, mget, order, paste, pmax, pmax.int, pmin, pmin.int,
    Position, rank, rbind, Reduce, rownames, sapply, setdiff, sort,
    table, tapply, union, unique, unsplit, which.max, which.min


Attaching package: ‘S4Vectors’

The following objects are masked from ‘package:base’:

    expand.grid, I, unname

Welcome to Bioconductor

    Vignettes contain introductory material; view with
    'browseVignettes()'. To cite Bioconductor, see
    'citation("Biobase")', and for packages 'citation("pkgname")'.


Attaching package: ‘AnnotationFilter’

The following object is masked from ‘package:future’:

    value


Attaching package: 'ensembldb'

The following object is masked from 'package:stats':

    filter


Attaching package: 'Biostrings'

The following object is masked from 'package:base':

    strsplit


Attaching package: 'sp'

The following object is masked from 'package:IRanges':

    %over%


Attaching package: 'SeuratObject'

The following object is masked from 'package:Biostrings':

    intersect

The following object is masked from 'package:GenomicRanges':

    intersect

The following object is masked from 'package:GenomeInfoDb':

    intersect

The following object is masked from 'package:IRanges':

    intersect

The following object is masked from 'package:S4Vectors':

    intersect

The following object is masked from 'package:BiocGenerics':

    intersect

The following objects are masked from 'package:base':

    intersect, t


Attaching package: 'dplyr'

The following objects are masked from 'package:Biostrings':

    collapse, intersect, setdiff, setequal, union

The following object is masked from 'package:XVector':

    slice

The following objects are masked from 'package:ensembldb':

    filter, select

The following object is masked from 'package:AnnotationDbi':

    select

The following object is masked from 'package:Biobase':

    combine

The following objects are masked from 'package:GenomicRanges':

    intersect, setdiff, union

The following object is masked from 'package:GenomeInfoDb':

    intersect

The following objects are masked from 'package:IRanges':

    collapse, desc, intersect, setdiff, slice, union

The following objects are masked from 'package:S4Vectors':

    first, intersect, rename, setdiff, setequal, union

The following objects are masked from 'package:BiocGenerics':

    combine, intersect, setdiff, union

The following objects are masked from 'package:stats':

    filter, lag

The following objects are masked from 'package:base':

    intersect, setdiff, setequal, union

There were 21 warnings (use warnings() to see them)
Loading in: output/RDS-files/jm-multiome-qc-obj-list.RDS
Running Merging Pipeline
Loaded existing filtered object list from file.
output/RDS-files/jm-multiome-cluster-obj-list-filtered.RDS
Computing hash
Checking for 4300 cell barcodes
Computing hash
Checking for 6242 cell barcodes
Computing hash
Checking for 880 cell barcodes
Computing hash
Checking for 1975 cell barcodes
Computing hash
Checking for 4168 cell barcodes
Computing hash
Checking for 6174 cell barcodes
Computing hash
Checking for 5618 cell barcodes
Computing hash
Checking for 4247 cell barcodes
Computing hash
Checking for 3583 cell barcodes
Extracting reads overlapping genomic regions
Extracting reads overlapping genomic regions
Extracting reads overlapping genomic regions
Extracting reads overlapping genomic regions
Extracting reads overlapping genomic regions
Extracting reads overlapping genomic regions
Extracting reads overlapping genomic regions
Extracting reads overlapping genomic regions
Extracting reads overlapping genomic regions
Length of obj.list: 9
Warning: Some cell names are duplicated across objects provided. Renaming to enforce unique cell names.
RunHarmony flagged as TRUE
Loading required package: harmony
Loading required package: Rcpp
Running harmony integration on RNA: orig.ident
Transposing data matrix
Initializing state using k-means centroids initialization
Harmony 1/25
0%   10   20   30   40   50   60   70   80   90   100%
[----|----|----|----|----|----|----|----|----|----|
**************************************************|
0%   10   20   30   40   50   60   70   80   90   100%
[----|----|----|----|----|----|----|----|----|----|
**************************************************|
Harmony 2/25
0%   10   20   30   40   50   60   70   80   90   100%
[----|----|----|----|----|----|----|----|----|----|
**************************************************|
0%   10   20   30   40   50   60   70   80   90   100%
[----|----|----|----|----|----|----|----|----|----|
**************************************************|
Harmony 3/25
0%   10   20   30   40   50   60   70   80   90   100%
[----|----|----|----|----|----|----|----|----|----|
**************************************************|
0%   10   20   30   40   50   60   70   80   90   100%
[----|----|----|----|----|----|----|----|----|----|
**************************************************|
Harmony 4/25
0%   10   20   30   40   50   60   70   80   90   100%
[----|----|----|----|----|----|----|----|----|----|
**************************************************|
0%   10   20   30   40   50   60   70   80   90   100%
[----|----|----|----|----|----|----|----|----|----|
**************************************************|
Harmony converged after 4 iterations
Warning: The default method for RunUMAP has changed from calling Python UMAP via reticulate to the R-native UWOT using the cosine metric
To use Python UMAP via reticulate, set umap.method to 'umap-learn' and metric to 'correlation'
This message will be shown once per session
RNA analysis of SeuratProject complete. Moving on to ATAC analysis
Running harmony integration on ATAC: orig.ident
Transposing data matrix
Initializing state using k-means centroids initialization
Harmony 1/25
0%   10   20   30   40   50   60   70   80   90   100%
[----|----|----|----|----|----|----|----|----|----|
**************************************************|
0%   10   20   30   40   50   60   70   80   90   100%
[----|----|----|----|----|----|----|----|----|----|
**************************************************|
Harmony converged after 1 iterations
ATAC analysis of SeuratProject complete.
Constructing WNN graph.
WNN graph complete.
Warning message:
Different cells and/or features from existing assay SCT 
disco complete.
