Sender: LSF System <lsfadmin@lc06e13>
Subject: Job 225978057: <routes/seurat_preprocess.sh> in cluster <chimera> Exited

Job <routes/seurat_preprocess.sh> was submitted from host <li04e01> by user <prysta01> in cluster <chimera> at Wed Jan 14 14:04:29 2026
Job was executed on host(s) <12*lc06e13>, in queue <premium>, as user <prysta01> in cluster <chimera> at Wed Jan 14 14:04:32 2026
</hpc/users/prysta01> was used as the home directory.
</sc/arion/projects/naiklab/Alex/Jack-Multiome/2026-01-07-Analysis/scmultiome-pipeline> was used as the working directory.
Started at Wed Jan 14 14:04:32 2026
Terminated at Wed Jan 14 14:52:54 2026
Results reported at Wed Jan 14 14:52:54 2026

Your job looked like:

------------------------------------------------------------
# LSBATCH: User input
routes/seurat_preprocess.sh
------------------------------------------------------------

TERM_OWNER: job killed by owner.
Exited with exit code 1.

Resource usage summary:

    CPU time :                                   4449.80 sec.
    Max Memory :                                 39136 MB
    Average Memory :                             8340.46 MB
    Total Requested Memory :                     288000.00 MB
    Delta Memory :                               248864.00 MB
    Max Swap :                                   -
    Max Processes :                              17
    Max Threads :                                20
    Run time :                                   2902 sec.
    Turnaround time :                            2905 sec.

The output (if any) follows:

multicore:
- args: function (..., workers = 12, envir = parent.frame())
- tweaked: TRUE
- call: plan("multicore", workers = as.numeric(future::availableCores()))
FutureBackend to be launched
[1] "logical"
[1] "/sc/arion/projects/naiklab/shared/raw-sequencing-data/2025-03-20-Jack-SingleCell-Multiome/MouseDRGN/cellranger_output/SHNA02_JM85CTRL_0_v1"
[1] "/sc/arion/projects/naiklab/shared/raw-sequencing-data/2025-03-20-Jack-SingleCell-Multiome/MouseDRGN/cellranger_output/SHNA02_JM85D30IMQ_0_v1"
[1] "/sc/arion/projects/naiklab/shared/raw-sequencing-data/2024-05-30-Jack-SC-Multiome/cellranger/count-IMQ/outs"
[1] "/sc/arion/projects/naiklab/shared/raw-sequencing-data/2025-09-19-Jack-SC-Multiome/JM97/cellranger_output/SHNA02_JM97-CTRL_0_v1"
[1] "/sc/arion/projects/naiklab/shared/raw-sequencing-data/2025-09-19-Jack-SC-Multiome/JM97/cellranger_output/SHNA02_JM97-D2-IMQ_0_v1"
[1] "/sc/arion/projects/naiklab/shared/raw-sequencing-data/2026-01-07-Jack-SC-Multiome/JM112/cellranger_output/SHNA02_JM112D30Ctrl_1_v1"
[1] "/sc/arion/projects/naiklab/shared/raw-sequencing-data/2026-01-07-Jack-SC-Multiome/JM112/cellranger_output/SHNA02_JM112D30Ctrl_2_v1"
[1] "/sc/arion/projects/naiklab/shared/raw-sequencing-data/2026-01-07-Jack-SC-Multiome/JM112/cellranger_output/SHNA02_JM112D30IMQ_1_v1"
[1] "/sc/arion/projects/naiklab/shared/raw-sequencing-data/2026-01-07-Jack-SC-Multiome/JM112/cellranger_output/SHNA02_JM112D30IMQ_2_v1"
[[1]]
[[1]][[1]]
[1] FALSE

[[1]][[2]]
[1] FALSE

[[1]][[3]]
[1] FALSE


[[2]]
[[2]][[1]]
[1] FALSE

[[2]][[2]]
[1] FALSE

[[2]][[3]]
[1] FALSE


[[3]]
[[3]][[1]]
[1] FALSE

[[3]][[2]]
[1] FALSE

[[3]][[3]]
[1] FALSE


[[4]]
[[4]][[1]]
[1] FALSE

[[4]][[2]]
[1] FALSE

[[4]][[3]]
[1] FALSE


[[5]]
[[5]][[1]]
[1] FALSE

[[5]][[2]]
[1] FALSE

[[5]][[3]]
[1] FALSE


[[6]]
[[6]][[1]]
[1] FALSE

[[6]][[2]]
[1] FALSE

[[6]][[3]]
[1] FALSE


[[7]]
[[7]][[1]]
[1] FALSE

[[7]][[2]]
[1] FALSE

[[7]][[3]]
[1] FALSE


[[8]]
[[8]][[1]]
[1] FALSE

[[8]][[2]]
[1] FALSE

[[8]][[3]]
[1] FALSE


[[9]]
[[9]][[1]]
[1] FALSE

[[9]][[2]]
[1] FALSE

[[9]][[3]]
[1] FALSE


[1] "Done Creating"


PS:

Read file <scripts/outs/preprocessing-225978057.err> for stderr output of this job.

