Sender: LSF System <lsfadmin@lc07e23>
Subject: Job 225981050: <routes/seurat_preprocess.sh> in cluster <chimera> Exited

Job <routes/seurat_preprocess.sh> was submitted from host <li04e01> by user <prysta01> in cluster <chimera> at Wed Jan 14 14:55:19 2026
Job was executed on host(s) <12*lc07e23>, in queue <premium>, as user <prysta01> in cluster <chimera> at Wed Jan 14 14:55:19 2026
</hpc/users/prysta01> was used as the home directory.
</sc/arion/projects/naiklab/Alex/Jack-Multiome/2026-01-07-Analysis/scmultiome-pipeline> was used as the working directory.
Started at Wed Jan 14 14:55:19 2026
Terminated at Wed Jan 14 16:12:07 2026
Results reported at Wed Jan 14 16:12:07 2026

Your job looked like:

------------------------------------------------------------
# LSBATCH: User input
routes/seurat_preprocess.sh
------------------------------------------------------------

Exited with exit code 1.

Resource usage summary:

    CPU time :                                   6715.20 sec.
    Max Memory :                                 38628 MB
    Average Memory :                             9310.72 MB
    Total Requested Memory :                     288000.00 MB
    Delta Memory :                               249372.00 MB
    Max Swap :                                   -
    Max Processes :                              18
    Max Threads :                                21
    Run time :                                   4608 sec.
    Turnaround time :                            4608 sec.

The output (if any) follows:

multicore:
- args: function (..., workers = 12, envir = parent.frame())
- tweaked: TRUE
- call: plan("multicore", workers = as.numeric(future::availableCores()))
FutureBackend to be launched
[1] "logical"
[1] "/sc/arion/projects/naiklab/shared/raw-sequencing-data/2025-03-20-Jack-SingleCell-Multiome/MouseDRGN/cellranger_output/SHNA02_JM85CTRL_0_v1"
[1] "/sc/arion/projects/naiklab/shared/raw-sequencing-data/2025-03-20-Jack-SingleCell-Multiome/MouseDRGN/cellranger_output/SHNA02_JM85D30IMQ_0_v1"
[1] "/sc/arion/projects/naiklab/shared/raw-sequencing-data/2024-05-30-Jack-SC-Multiome/cellranger/count-IMQ/outs"
[1] "/sc/arion/projects/naiklab/shared/raw-sequencing-data/2025-09-19-Jack-SC-Multiome/JM97/cellranger_output/SHNA02_JM97-CTRL_0_v1"
[1] "/sc/arion/projects/naiklab/shared/raw-sequencing-data/2025-09-19-Jack-SC-Multiome/JM97/cellranger_output/SHNA02_JM97-D2-IMQ_0_v1"
[1] "/sc/arion/projects/naiklab/shared/raw-sequencing-data/2026-01-07-Jack-SC-Multiome/JM112/cellranger_output/SHNA02_JM112D30Ctrl_1_v1"
[1] "/sc/arion/projects/naiklab/shared/raw-sequencing-data/2026-01-07-Jack-SC-Multiome/JM112/cellranger_output/SHNA02_JM112D30Ctrl_2_v1"
[1] "/sc/arion/projects/naiklab/shared/raw-sequencing-data/2026-01-07-Jack-SC-Multiome/JM112/cellranger_output/SHNA02_JM112D30IMQ_1_v1"
[1] "/sc/arion/projects/naiklab/shared/raw-sequencing-data/2026-01-07-Jack-SC-Multiome/JM112/cellranger_output/SHNA02_JM112D30IMQ_2_v1"
[[1]]
[[1]][[1]]
[1] TRUE

[[1]][[2]]
[1] TRUE

[[1]][[3]]
[1] TRUE


[[2]]
[[2]][[1]]
[1] TRUE

[[2]][[2]]
[1] TRUE

[[2]][[3]]
[1] TRUE


[[3]]
[[3]][[1]]
[1] TRUE

[[3]][[2]]
[1] TRUE

[[3]][[3]]
[1] TRUE


[[4]]
[[4]][[1]]
[1] TRUE

[[4]][[2]]
[1] TRUE

[[4]][[3]]
[1] TRUE


[[5]]
[[5]][[1]]
[1] TRUE

[[5]][[2]]
[1] TRUE

[[5]][[3]]
[1] TRUE


[[6]]
[[6]][[1]]
[1] TRUE

[[6]][[2]]
[1] TRUE

[[6]][[3]]
[1] TRUE


[[7]]
[[7]][[1]]
[1] TRUE

[[7]][[2]]
[1] TRUE

[[7]][[3]]
[1] TRUE


[[8]]
[[8]][[1]]
[1] TRUE

[[8]][[2]]
[1] TRUE

[[8]][[3]]
[1] TRUE


[[9]]
[[9]][[1]]
[1] TRUE

[[9]][[2]]
[1] TRUE

[[9]][[3]]
[1] TRUE


[1] "Done Creating"
[1] "Done Call Peaks"
$`1`

$`2`

$`3`

$`4`

$`JM85-D6-CTRL`

$`JM85-D6-IMQ`

$`JM50-D6-IMQ`

$`JM97-D2-CTRL`

$`JM97-D2-IMQ`

$`JM112-D30-CTRL-1`

$`JM112-D30-CTRL-2`

$`JM112-D30-IMQ-1`

$`JM112-D30-IMQ-2`

Modularity Optimizer version 1.3.0 by Ludo Waltman and Nees Jan van Eck

Number of nodes: 4515
Number of edges: 139514

Running Louvain algorithm...
Maximum modularity in 10 random starts: 0.8929
Number of communities: 19
Elapsed time: 0 seconds
Modularity Optimizer version 1.3.0 by Ludo Waltman and Nees Jan van Eck

Number of nodes: 6528
Number of edges: 207955

Running Louvain algorithm...
Maximum modularity in 10 random starts: 0.8899
Number of communities: 21
Elapsed time: 0 seconds
Modularity Optimizer version 1.3.0 by Ludo Waltman and Nees Jan van Eck

Number of nodes: 963
Number of edges: 26689

Running Louvain algorithm...
Maximum modularity in 10 random starts: 0.8437
Number of communities: 11
Elapsed time: 0 seconds
Modularity Optimizer version 1.3.0 by Ludo Waltman and Nees Jan van Eck

Number of nodes: 2622
Number of edges: 80323

Running Louvain algorithm...
Maximum modularity in 10 random starts: 0.8759
Number of communities: 15
Elapsed time: 0 seconds
Modularity Optimizer version 1.3.0 by Ludo Waltman and Nees Jan van Eck

Number of nodes: 4810
Number of edges: 155813

Running Louvain algorithm...
Maximum modularity in 10 random starts: 0.8768
Number of communities: 16
Elapsed time: 0 seconds
Modularity Optimizer version 1.3.0 by Ludo Waltman and Nees Jan van Eck

Number of nodes: 6869
Number of edges: 222860

Running Louvain algorithm...
Maximum modularity in 10 random starts: 0.8898
Number of communities: 20
Elapsed time: 0 seconds
Modularity Optimizer version 1.3.0 by Ludo Waltman and Nees Jan van Eck

Number of nodes: 6488
Number of edges: 211540

Running Louvain algorithm...
Maximum modularity in 10 random starts: 0.8878
Number of communities: 22
Elapsed time: 0 seconds
Modularity Optimizer version 1.3.0 by Ludo Waltman and Nees Jan van Eck

Number of nodes: 4968
Number of edges: 160618

Running Louvain algorithm...
Maximum modularity in 10 random starts: 0.8908
Number of communities: 17
Elapsed time: 0 seconds
Modularity Optimizer version 1.3.0 by Ludo Waltman and Nees Jan van Eck

Number of nodes: 4060
Number of edges: 128677

Running Louvain algorithm...
Maximum modularity in 10 random starts: 0.8815
Number of communities: 14
Elapsed time: 0 seconds
$`JM85-D6-CTRL`

$`JM85-D6-IMQ`

$`JM50-D6-IMQ`

$`JM97-D2-CTRL`

$`JM97-D2-IMQ`

$`JM112-D30-CTRL-1`

$`JM112-D30-CTRL-2`

$`JM112-D30-IMQ-1`

$`JM112-D30-IMQ-2`



PS:

Read file <scripts/outs/preprocessing-225981050.err> for stderr output of this job.

